<?xml version="1.0" encoding="UTF-8"?>
<!-- Generated by org.testng.reporters.JUnitReportReporter -->
<testsuite hostname="LAPTOP-RRO4KGR3" failures="0" tests="2" name="com.hybird.suitea.TestB" time="0.008" errors="0" timestamp="09 Mar 2021 05:10:17 GMT" skipped="2">
  <testcase classname="com.hybird.suitea.TestB" name="loginTest" time="0.003">
    <skipped/>
  </testcase> <!-- loginTest -->
  <testcase classname="com.hybird.suitea.TestB" name="loginTest" time="0.005">
    <skipped/>
  </testcase> <!-- loginTest -->
</testsuite> <!-- com.hybird.suitea.TestB -->
